<?xml version="1.0" encoding="UTF-8"?>
<!-- Generated by org.testng.reporters.JUnitReportReporter -->
<testsuite skipped="0" hostname="LAPTOP-1039A2T5" name="Runner.RunnerFile" tests="1" failures="0" timestamp="20 May 2023 08:48:16 GMT" time="3.584" errors="0">
  <testcase name="runScenario" time="3.584" classname="Runner.RunnerFile"/>
</testsuite> <!-- Runner.RunnerFile -->
